#
# A fatal error has been detected by the Java Runtime Environment:
#
#  EXCEPTION_ACCESS_VIOLATION (0xc0000005) at pc=0x00007ffbea0c8ee8, pid=14084, tid=8200
#
# JRE version: OpenJDK Runtime Environment Temurin-21.0.5+11 (21.0.5+11) (build 21.0.5+11-LTS)
# Java VM: OpenJDK 64-Bit Server VM Temurin-21.0.5+11 (21.0.5+11-LTS, mixed mode, sharing, tiered, compressed oops, compressed class ptrs, g1 gc, windows-amd64)
# Problematic frame:
# V  [jvm.dll+0x358ee8]
#
# No core dump will be written. Minidumps are not enabled by default on client versions of Windows
#
# If you would like to submit a bug report, please visit:
#   https://github.com/adoptium/adoptium-support/issues
#

---------------  S U M M A R Y ------------

Command Line: -XX:+ShowCodeDetailsInExceptionMessages com.app.tankesv.TankesvApplication

Host: Intel(R) Core(TM) i7-6600U CPU @ 2.60GHz, 4 cores, 15G,  Windows 10 , 64 bit Build 19041 (10.0.19041.5072)
Time: Thu Nov  7 16:49:16 2024 Hora estándar, América Central elapsed time: 731.158866 seconds (0d 0h 12m 11s)

---------------  T H R E A D  ---------------

Current thread (0x0000028567553970):  WorkerThread "GC Thread#1"    [id=8200, stack(0x000000a681600000,0x000000a681700000) (1024K)]

Stack: [0x000000a681600000,0x000000a681700000],  sp=0x000000a6816ff620,  free space=1021k
Native frames: (J=compiled Java code, j=interpreted, Vv=VM code, C=native code)
V  [jvm.dll+0x358ee8]
V  [jvm.dll+0x36cbb4]
V  [jvm.dll+0x36d2ea]
V  [jvm.dll+0x36d3d7]
V  [jvm.dll+0x36e26b]
V  [jvm.dll+0x8d5807]
V  [jvm.dll+0x8514fb]
V  [jvm.dll+0x6cbbed]
C  [ucrtbase.dll+0x21bb2]
C  [KERNEL32.DLL+0x17374]
C  [ntdll.dll+0x4cc91]


siginfo: EXCEPTION_ACCESS_VIOLATION (0xc0000005), reading address 0x00000003048956a8


Registers:
RAX=0x0000000000000000, RBX=0x00000007047540e4, RCX=0x0000000000000015, RDX=0x0000000000000007
RSP=0x000000a6816ff620, RBP=0x0000000000000bb0, RSI=0x0000028548a74700, RDI=0x000002856ee313b0
R8 =0x00000003048956a8, R9 =0x00000007047540c0, R10=0x00007ffc413c0000, R11=0x00007ffc413d14d3
R12=0x000002856787e368, R13=0x000002856ee313b0, R14=0x0000000000000000, R15=0x0000000000000000
RIP=0x00007ffbea0c8ee8, EFLAGS=0x0000000000010246


Register to memory mapping:

RAX=0x0 is null
RBX=